<?xml version="1.0" encoding="UTF-8"?>
<!-- Generated by org.testng.reporters.JUnitReportReporter -->
<testsuite failures="1" tests="3" name="d_TestScriptsSuit.TendableHomeTest" time="65.565" errors="0" timestamp="2024-11-28T19:32:19 IST" skipped="0">
  <testcase classname="d_TestScriptsSuit.TendableHomeTest" name="tc2_VerifyHomePageMenuOptionsAccessiblity" time="28.137">
    <failure message="Found 7 accessibility violations:
1) ARIA role must be appropriate for the element: https://dequeuniversity.com/rules/axe/3.1/aria-allowed-role?application=axeAPI
  a) [&quot;iframe[name=\&quot;__uspapiLocator\&quot;]&quot;]
    Fix any of the following:
      role presentation  is not allowed for given element


  b) [&quot;iframe[role=\&quot;presentation\&quot;][title=\&quot;Blank\&quot;]:nth-child(11)&quot;]
    Fix any of the following:
      role presentation  is not allowed for given element


  c) [&quot;.go812842568&quot;]
    Fix any of the following:
      role dialog  is not allowed for given element


2) Frames must have title attribute: https://dequeuniversity.com/rules/axe/3.1/frame-title?application=axeAPI
  a) [&quot;.embedly-embed&quot;,&quot;#player&quot;]
    Fix any of the following:
      aria-label attribute does not exist or is empty
      aria-labelledby attribute does not exist, references elements that do not exist or references elements that are empty
      Element has no title attribute or the title attribute is empty
      Element&#039;s default semantics were not overridden with role=&quot;presentation&quot;
      Element&#039;s default semantics were not overridden with role=&quot;none&quot;


3) Heading levels should only increase by one: https://dequeuniversity.com/rules/axe/3.1/heading-order?application=axeAPI
  a) [&quot;.margin-small.margin-bottom &gt; h4&quot;]
    Fix any of the following:
      Heading order invalid


  b) [&quot;.margin-small.margin-bottom:nth-child(1) &gt; h6&quot;]
    Fix any of the following:
      Heading order invalid


  c) [&quot;#w-node-d74b4313-7818-1476-7c7f-5502e7a25694-e7a2567a &gt; .margin-xxsmall.margin-bottom &gt; h6&quot;]
    Fix any of the following:
      Heading order invalid


  d) [&quot;.margin-xsmall.margin-bottom &gt; h4&quot;]
    Fix any of the following:
      Heading order invalid


4) &lt;html&gt; element must have a lang attribute: https://dequeuniversity.com/rules/axe/3.1/html-has-lang?application=axeAPI
  a) [&quot;.embedly-embed&quot;,&quot;html&quot;]
    Fix any of the following:
      The &lt;html&gt; element does not have a lang attribute


5) Form elements must have labels: https://dequeuniversity.com/rules/axe/3.1/label?application=axeAPI
  a) [&quot;#email-2&quot;]
    Fix any of the following:
      aria-label attribute does not exist or is empty
      aria-labelledby attribute does not exist, references elements that do not exist or references elements that are empty
      Form element does not have an implicit (wrapped) &lt;label&gt;
      Form element does not have an explicit &lt;label&gt;
      Element has no title attribute or the title attribute is empty


6) Links must have discernible text: https://dequeuniversity.com/rules/axe/3.1/link-name?application=axeAPI
  a) [&quot;#w-node-_59eca213-a5c3-eae8-cbb1-15703dcdb471-3dcdb46a&quot;]
    Fix all of the following:
      Element is in tab order and does not have accessible text

    Fix any of the following:
      Element does not have text that is visible to screen readers
      aria-label attribute does not exist or is empty
      aria-labelledby attribute does not exist, references elements that do not exist or references elements that are empty
      Element&#039;s default semantics were not overridden with role=&quot;presentation&quot;
      Element&#039;s default semantics were not overridden with role=&quot;none&quot;


7) All page content must be contained by landmarks: https://dequeuniversity.com/rules/axe/3.1/region?application=axeAPI
  a) [&quot;html&quot;]
    Fix any of the following:
      Some page content is not contained by landmarks

 expected [true] but found [false]" type="java.lang.AssertionError">
      <![CDATA[java.lang.AssertionError: Found 7 accessibility violations:
1) ARIA role must be appropriate for the element: https://dequeuniversity.com/rules/axe/3.1/aria-allowed-role?application=axeAPI
  a) ["iframe[name=\"__uspapiLocator\"]"]
    Fix any of the following:
      role presentation  is not allowed for given element


  b) ["iframe[role=\"presentation\"][title=\"Blank\"]:nth-child(11)"]
    Fix any of the following:
      role presentation  is not allowed for given element


  c) [".go812842568"]
    Fix any of the following:
      role dialog  is not allowed for given element


2) Frames must have title attribute: https://dequeuniversity.com/rules/axe/3.1/frame-title?application=axeAPI
  a) [".embedly-embed","#player"]
    Fix any of the following:
      aria-label attribute does not exist or is empty
      aria-labelledby attribute does not exist, references elements that do not exist or references elements that are empty
      Element has no title attribute or the title attribute is empty
      Element's default semantics were not overridden with role="presentation"
      Element's default semantics were not overridden with role="none"


3) Heading levels should only increase by one: https://dequeuniversity.com/rules/axe/3.1/heading-order?application=axeAPI
  a) [".margin-small.margin-bottom > h4"]
    Fix any of the following:
      Heading order invalid


  b) [".margin-small.margin-bottom:nth-child(1) > h6"]
    Fix any of the following:
      Heading order invalid


  c) ["#w-node-d74b4313-7818-1476-7c7f-5502e7a25694-e7a2567a > .margin-xxsmall.margin-bottom > h6"]
    Fix any of the following:
      Heading order invalid


  d) [".margin-xsmall.margin-bottom > h4"]
    Fix any of the following:
      Heading order invalid


4) <html> element must have a lang attribute: https://dequeuniversity.com/rules/axe/3.1/html-has-lang?application=axeAPI
  a) [".embedly-embed","html"]
    Fix any of the following:
      The <html> element does not have a lang attribute


5) Form elements must have labels: https://dequeuniversity.com/rules/axe/3.1/label?application=axeAPI
  a) ["#email-2"]
    Fix any of the following:
      aria-label attribute does not exist or is empty
      aria-labelledby attribute does not exist, references elements that do not exist or references elements that are empty
      Form element does not have an implicit (wrapped) <label>
      Form element does not have an explicit <label>
      Element has no title attribute or the title attribute is empty


6) Links must have discernible text: https://dequeuniversity.com/rules/axe/3.1/link-name?application=axeAPI
  a) ["#w-node-_59eca213-a5c3-eae8-cbb1-15703dcdb471-3dcdb46a"]
    Fix all of the following:
      Element is in tab order and does not have accessible text

    Fix any of the following:
      Element does not have text that is visible to screen readers
      aria-label attribute does not exist or is empty
      aria-labelledby attribute does not exist, references elements that do not exist or references elements that are empty
      Element's default semantics were not overridden with role="presentation"
      Element's default semantics were not overridden with role="none"


7) All page content must be contained by landmarks: https://dequeuniversity.com/rules/axe/3.1/region?application=axeAPI
  a) ["html"]
    Fix any of the following:
      Some page content is not contained by landmarks

 expected [true] but found [false]
at org.testng.Assert.fail(Assert.java:111)
at org.testng.Assert.failNotEquals(Assert.java:1578)
at org.testng.Assert.assertTrue(Assert.java:57)
at c_TestActions.TestOperations.checkAccessiblityViolation(TestOperations.java:187)
at d_TestScriptsSuit.TendableHomeTest.tc2_VerifyHomePageMenuOptionsAccessiblity(TendableHomeTest.java:54)
at java.base/jdk.internal.reflect.NativeMethodAccessorImpl.invoke0(Native Method)
at java.base/jdk.internal.reflect.NativeMethodAccessorImpl.invoke(NativeMethodAccessorImpl.java:62)
at java.base/jdk.internal.reflect.DelegatingMethodAccessorImpl.invoke(DelegatingMethodAccessorImpl.java:43)
at java.base/java.lang.reflect.Method.invoke(Method.java:566)
at org.testng.internal.invokers.MethodInvocationHelper.invokeMethod(MethodInvocationHelper.java:141)
at org.testng.internal.invokers.TestInvoker.invokeMethod(TestInvoker.java:686)
at org.testng.internal.invokers.TestInvoker.invokeTestMethod(TestInvoker.java:230)
at org.testng.internal.invokers.MethodRunner.runInSequence(MethodRunner.java:63)
at org.testng.internal.invokers.TestInvoker$MethodInvocationAgent.invoke(TestInvoker.java:992)
at org.testng.internal.invokers.TestInvoker.invokeTestMethods(TestInvoker.java:203)
at org.testng.internal.invokers.TestMethodWorker.invokeTestMethods(TestMethodWorker.java:154)
at org.testng.internal.invokers.TestMethodWorker.run(TestMethodWorker.java:134)
at java.base/java.util.ArrayList.forEach(ArrayList.java:1541)
at org.testng.TestRunner.privateRun(TestRunner.java:739)
at org.testng.TestRunner.run(TestRunner.java:614)
at org.testng.SuiteRunner.runTest(SuiteRunner.java:421)
at org.testng.SuiteRunner.runSequentially(SuiteRunner.java:413)
at org.testng.SuiteRunner.privateRun(SuiteRunner.java:373)
at org.testng.SuiteRunner.run(SuiteRunner.java:312)
at org.testng.SuiteRunnerWorker.runSuite(SuiteRunnerWorker.java:52)
at org.testng.SuiteRunnerWorker.run(SuiteRunnerWorker.java:95)
at org.testng.TestNG.runSuitesSequentially(TestNG.java:1274)
at org.testng.TestNG.runSuitesLocally(TestNG.java:1208)
at org.testng.TestNG.runSuites(TestNG.java:1112)
at org.testng.TestNG.run(TestNG.java:1079)
at org.testng.remote.AbstractRemoteTestNG.run(AbstractRemoteTestNG.java:115)
at org.testng.remote.RemoteTestNG.initAndRun(RemoteTestNG.java:293)
at org.testng.remote.RemoteTestNG.main(RemoteTestNG.java:91)
]]>
    </failure>
  </testcase> <!-- tc2_VerifyHomePageMenuOptionsAccessiblity -->
  <testcase classname="d_TestScriptsSuit.TendableHomeTest" name="tc1_ValidateContactUsFunctionality" time="15.006"/>
  <testcase classname="d_TestScriptsSuit.TendableHomeTest" name="tc3_validateBookDemoFuncOnAllPages" time="22.422"/>
</testsuite> <!-- d_TestScriptsSuit.TendableHomeTest -->
